2021-11-07 11:37:02,356 INFO 27960 [Timer] /Users/tina/Codes/github/weekend-issues/server/node_modules/_egg-multipart@2.13.1@egg-multipart/app/schedule/clean_tmpdir.js next time will execute after 60777645ms at 2021-11-08 04:30:00.001
2021-11-07 11:37:02,357 INFO 27960 [Timer] /Users/tina/Codes/github/weekend-issues/server/node_modules/_egg-logrotator@3.1.0@egg-logrotator/app/schedule/clean_log.js next time will execute after 44577644ms at 2021-11-08 00:00:00.001
2021-11-07 11:37:02,357 INFO 27960 [Timer] /Users/tina/Codes/github/weekend-issues/server/node_modules/_egg-logrotator@3.1.0@egg-logrotator/app/schedule/rotate_by_file.js next time will execute after 44578643ms at 2021-11-08 00:00:01.000
2021-11-07 11:37:02,133 INFO 27961 [egg-schedule]: register schedule /Users/tina/Codes/github/weekend-issues/server/node_modules/_egg-multipart@2.13.1@egg-multipart/app/schedule/clean_tmpdir.js
2021-11-07 11:37:02,133 INFO 27961 [egg-schedule]: register schedule /Users/tina/Codes/github/weekend-issues/server/node_modules/_egg-logrotator@3.1.0@egg-logrotator/app/schedule/clean_log.js
2021-11-07 11:37:02,133 INFO 27961 [egg-schedule]: register schedule /Users/tina/Codes/github/weekend-issues/server/node_modules/_egg-logrotator@3.1.0@egg-logrotator/app/schedule/rotate_by_file.js
2021-11-07 13:33:38,466 INFO 29437 [egg-schedule]: register schedule /Users/tina/Codes/github/weekend-issues/server/node_modules/_egg-multipart@2.13.1@egg-multipart/app/schedule/clean_tmpdir.js
2021-11-07 13:33:38,466 INFO 29437 [egg-schedule]: register schedule /Users/tina/Codes/github/weekend-issues/server/node_modules/_egg-logrotator@3.1.0@egg-logrotator/app/schedule/clean_log.js
2021-11-07 13:33:38,466 INFO 29437 [egg-schedule]: register schedule /Users/tina/Codes/github/weekend-issues/server/node_modules/_egg-logrotator@3.1.0@egg-logrotator/app/schedule/rotate_by_file.js
2021-11-07 13:34:48,775 INFO 29470 [egg-schedule]: register schedule /Users/tina/Codes/github/weekend-issues/server/node_modules/_egg-multipart@2.13.1@egg-multipart/app/schedule/clean_tmpdir.js
2021-11-07 13:34:48,775 INFO 29470 [egg-schedule]: register schedule /Users/tina/Codes/github/weekend-issues/server/node_modules/_egg-logrotator@3.1.0@egg-logrotator/app/schedule/clean_log.js
2021-11-07 13:34:48,775 INFO 29470 [egg-schedule]: register schedule /Users/tina/Codes/github/weekend-issues/server/node_modules/_egg-logrotator@3.1.0@egg-logrotator/app/schedule/rotate_by_file.js
2021-11-07 13:37:15,755 INFO 29579 [egg-schedule]: register schedule /Users/tina/Codes/github/weekend-issues/server/node_modules/_egg-multipart@2.13.1@egg-multipart/app/schedule/clean_tmpdir.js
2021-11-07 13:37:15,755 INFO 29579 [egg-schedule]: register schedule /Users/tina/Codes/github/weekend-issues/server/node_modules/_egg-logrotator@3.1.0@egg-logrotator/app/schedule/clean_log.js
2021-11-07 13:37:15,755 INFO 29579 [egg-schedule]: register schedule /Users/tina/Codes/github/weekend-issues/server/node_modules/_egg-logrotator@3.1.0@egg-logrotator/app/schedule/rotate_by_file.js
2021-11-07 13:37:22,928 INFO 29610 [egg-schedule]: register schedule /Users/tina/Codes/github/weekend-issues/server/node_modules/_egg-multipart@2.13.1@egg-multipart/app/schedule/clean_tmpdir.js
2021-11-07 13:37:22,928 INFO 29610 [egg-schedule]: register schedule /Users/tina/Codes/github/weekend-issues/server/node_modules/_egg-logrotator@3.1.0@egg-logrotator/app/schedule/clean_log.js
2021-11-07 13:37:22,928 INFO 29610 [egg-schedule]: register schedule /Users/tina/Codes/github/weekend-issues/server/node_modules/_egg-logrotator@3.1.0@egg-logrotator/app/schedule/rotate_by_file.js
2021-11-07 13:37:24,077 INFO 29617 [egg-schedule]: register schedule /Users/tina/Codes/github/weekend-issues/server/node_modules/_egg-multipart@2.13.1@egg-multipart/app/schedule/clean_tmpdir.js
2021-11-07 13:37:24,077 INFO 29617 [egg-schedule]: register schedule /Users/tina/Codes/github/weekend-issues/server/node_modules/_egg-logrotator@3.1.0@egg-logrotator/app/schedule/clean_log.js
2021-11-07 13:37:24,077 INFO 29617 [egg-schedule]: register schedule /Users/tina/Codes/github/weekend-issues/server/node_modules/_egg-logrotator@3.1.0@egg-logrotator/app/schedule/rotate_by_file.js
2021-11-07 13:37:29,918 INFO 29643 [egg-schedule]: register schedule /Users/tina/Codes/github/weekend-issues/server/node_modules/_egg-multipart@2.13.1@egg-multipart/app/schedule/clean_tmpdir.js
2021-11-07 13:37:29,918 INFO 29643 [egg-schedule]: register schedule /Users/tina/Codes/github/weekend-issues/server/node_modules/_egg-logrotator@3.1.0@egg-logrotator/app/schedule/clean_log.js
2021-11-07 13:37:29,918 INFO 29643 [egg-schedule]: register schedule /Users/tina/Codes/github/weekend-issues/server/node_modules/_egg-logrotator@3.1.0@egg-logrotator/app/schedule/rotate_by_file.js
2021-11-07 13:37:43,932 INFO 29678 [Timer] /Users/tina/Codes/github/weekend-issues/server/node_modules/_egg-multipart@2.13.1@egg-multipart/app/schedule/clean_tmpdir.js next time will execute after 53536070ms at 2021-11-08 04:30:00.002
2021-11-07 13:37:43,932 INFO 29678 [Timer] /Users/tina/Codes/github/weekend-issues/server/node_modules/_egg-logrotator@3.1.0@egg-logrotator/app/schedule/clean_log.js next time will execute after 37336068ms at 2021-11-08 00:00:00.000
2021-11-07 13:37:43,933 INFO 29678 [Timer] /Users/tina/Codes/github/weekend-issues/server/node_modules/_egg-logrotator@3.1.0@egg-logrotator/app/schedule/rotate_by_file.js next time will execute after 37337068ms at 2021-11-08 00:00:01.001
2021-11-07 13:37:43,741 INFO 29680 [egg-schedule]: register schedule /Users/tina/Codes/github/weekend-issues/server/node_modules/_egg-multipart@2.13.1@egg-multipart/app/schedule/clean_tmpdir.js
2021-11-07 13:37:43,741 INFO 29680 [egg-schedule]: register schedule /Users/tina/Codes/github/weekend-issues/server/node_modules/_egg-logrotator@3.1.0@egg-logrotator/app/schedule/clean_log.js
2021-11-07 13:37:43,741 INFO 29680 [egg-schedule]: register schedule /Users/tina/Codes/github/weekend-issues/server/node_modules/_egg-logrotator@3.1.0@egg-logrotator/app/schedule/rotate_by_file.js
2021-11-07 13:48:34,010 INFO 30388 [Timer] /Users/tina/Codes/github/weekend-issues/server/node_modules/_egg-multipart@2.13.1@egg-multipart/app/schedule/clean_tmpdir.js next time will execute after 52885992ms at 2021-11-08 04:30:00.002
2021-11-07 13:48:34,010 INFO 30388 [Timer] /Users/tina/Codes/github/weekend-issues/server/node_modules/_egg-logrotator@3.1.0@egg-logrotator/app/schedule/clean_log.js next time will execute after 36685990ms at 2021-11-08 00:00:00.000
2021-11-07 13:48:34,010 INFO 30388 [Timer] /Users/tina/Codes/github/weekend-issues/server/node_modules/_egg-logrotator@3.1.0@egg-logrotator/app/schedule/rotate_by_file.js next time will execute after 36686990ms at 2021-11-08 00:00:01.000
2021-11-07 13:48:33,808 INFO 30390 [egg-schedule]: register schedule /Users/tina/Codes/github/weekend-issues/server/node_modules/_egg-multipart@2.13.1@egg-multipart/app/schedule/clean_tmpdir.js
2021-11-07 13:48:33,808 INFO 30390 [egg-schedule]: register schedule /Users/tina/Codes/github/weekend-issues/server/node_modules/_egg-logrotator@3.1.0@egg-logrotator/app/schedule/clean_log.js
2021-11-07 13:48:33,808 INFO 30390 [egg-schedule]: register schedule /Users/tina/Codes/github/weekend-issues/server/node_modules/_egg-logrotator@3.1.0@egg-logrotator/app/schedule/rotate_by_file.js
2021-11-07 13:49:12,578 INFO 30441 [egg-schedule]: register schedule /Users/tina/Codes/github/weekend-issues/server/node_modules/_egg-multipart@2.13.1@egg-multipart/app/schedule/clean_tmpdir.js
2021-11-07 13:49:12,578 INFO 30441 [egg-schedule]: register schedule /Users/tina/Codes/github/weekend-issues/server/node_modules/_egg-logrotator@3.1.0@egg-logrotator/app/schedule/clean_log.js
2021-11-07 13:49:12,578 INFO 30441 [egg-schedule]: register schedule /Users/tina/Codes/github/weekend-issues/server/node_modules/_egg-logrotator@3.1.0@egg-logrotator/app/schedule/rotate_by_file.js
2021-11-07 14:04:31,813 INFO 30699 [egg-schedule]: register schedule /Users/tina/Codes/github/weekend-issues/server/node_modules/_egg-multipart@2.13.1@egg-multipart/app/schedule/clean_tmpdir.js
2021-11-07 14:04:31,813 INFO 30699 [egg-schedule]: register schedule /Users/tina/Codes/github/weekend-issues/server/node_modules/_egg-logrotator@3.1.0@egg-logrotator/app/schedule/clean_log.js
2021-11-07 14:04:31,814 INFO 30699 [egg-schedule]: register schedule /Users/tina/Codes/github/weekend-issues/server/node_modules/_egg-logrotator@3.1.0@egg-logrotator/app/schedule/rotate_by_file.js
2021-11-07 14:07:44,949 INFO 30830 [Timer] /Users/tina/Codes/github/weekend-issues/server/node_modules/_egg-multipart@2.13.1@egg-multipart/app/schedule/clean_tmpdir.js next time will execute after 51735053ms at 2021-11-08 04:30:00.002
2021-11-07 14:07:44,949 INFO 30830 [Timer] /Users/tina/Codes/github/weekend-issues/server/node_modules/_egg-logrotator@3.1.0@egg-logrotator/app/schedule/clean_log.js next time will execute after 35535051ms at 2021-11-08 00:00:00.000
2021-11-07 14:07:44,949 INFO 30830 [Timer] /Users/tina/Codes/github/weekend-issues/server/node_modules/_egg-logrotator@3.1.0@egg-logrotator/app/schedule/rotate_by_file.js next time will execute after 35536051ms at 2021-11-08 00:00:01.000
2021-11-07 14:07:44,746 INFO 30831 [egg-schedule]: register schedule /Users/tina/Codes/github/weekend-issues/server/node_modules/_egg-multipart@2.13.1@egg-multipart/app/schedule/clean_tmpdir.js
2021-11-07 14:07:44,746 INFO 30831 [egg-schedule]: register schedule /Users/tina/Codes/github/weekend-issues/server/node_modules/_egg-logrotator@3.1.0@egg-logrotator/app/schedule/clean_log.js
2021-11-07 14:07:44,746 INFO 30831 [egg-schedule]: register schedule /Users/tina/Codes/github/weekend-issues/server/node_modules/_egg-logrotator@3.1.0@egg-logrotator/app/schedule/rotate_by_file.js
2021-11-07 14:08:27,762 INFO 30912 [egg-schedule]: register schedule /Users/tina/Codes/github/weekend-issues/server/node_modules/_egg-multipart@2.13.1@egg-multipart/app/schedule/clean_tmpdir.js
2021-11-07 14:08:27,762 INFO 30912 [egg-schedule]: register schedule /Users/tina/Codes/github/weekend-issues/server/node_modules/_egg-logrotator@3.1.0@egg-logrotator/app/schedule/clean_log.js
2021-11-07 14:08:27,762 INFO 30912 [egg-schedule]: register schedule /Users/tina/Codes/github/weekend-issues/server/node_modules/_egg-logrotator@3.1.0@egg-logrotator/app/schedule/rotate_by_file.js
2021-11-07 14:08:29,019 INFO 30940 [egg-schedule]: register schedule /Users/tina/Codes/github/weekend-issues/server/node_modules/_egg-multipart@2.13.1@egg-multipart/app/schedule/clean_tmpdir.js
2021-11-07 14:08:29,019 INFO 30940 [egg-schedule]: register schedule /Users/tina/Codes/github/weekend-issues/server/node_modules/_egg-logrotator@3.1.0@egg-logrotator/app/schedule/clean_log.js
2021-11-07 14:08:29,019 INFO 30940 [egg-schedule]: register schedule /Users/tina/Codes/github/weekend-issues/server/node_modules/_egg-logrotator@3.1.0@egg-logrotator/app/schedule/rotate_by_file.js
2021-11-07 14:09:24,130 INFO 31039 [Timer] /Users/tina/Codes/github/weekend-issues/server/node_modules/_egg-multipart@2.13.1@egg-multipart/app/schedule/clean_tmpdir.js next time will execute after 51635872ms at 2021-11-08 04:30:00.002
2021-11-07 14:09:24,131 INFO 31039 [Timer] /Users/tina/Codes/github/weekend-issues/server/node_modules/_egg-logrotator@3.1.0@egg-logrotator/app/schedule/clean_log.js next time will execute after 35435870ms at 2021-11-08 00:00:00.001
2021-11-07 14:09:24,131 INFO 31039 [Timer] /Users/tina/Codes/github/weekend-issues/server/node_modules/_egg-logrotator@3.1.0@egg-logrotator/app/schedule/rotate_by_file.js next time will execute after 35436869ms at 2021-11-08 00:00:01.000
2021-11-07 14:09:23,937 INFO 31040 [egg-schedule]: register schedule /Users/tina/Codes/github/weekend-issues/server/node_modules/_egg-multipart@2.13.1@egg-multipart/app/schedule/clean_tmpdir.js
2021-11-07 14:09:23,938 INFO 31040 [egg-schedule]: register schedule /Users/tina/Codes/github/weekend-issues/server/node_modules/_egg-logrotator@3.1.0@egg-logrotator/app/schedule/clean_log.js
2021-11-07 14:09:23,938 INFO 31040 [egg-schedule]: register schedule /Users/tina/Codes/github/weekend-issues/server/node_modules/_egg-logrotator@3.1.0@egg-logrotator/app/schedule/rotate_by_file.js
2021-11-07 14:11:31,645 INFO 31116 [egg-schedule]: register schedule /Users/tina/Codes/github/weekend-issues/server/node_modules/_egg-multipart@2.13.1@egg-multipart/app/schedule/clean_tmpdir.js
2021-11-07 14:11:31,645 INFO 31116 [egg-schedule]: register schedule /Users/tina/Codes/github/weekend-issues/server/node_modules/_egg-logrotator@3.1.0@egg-logrotator/app/schedule/clean_log.js
2021-11-07 14:11:31,645 INFO 31116 [egg-schedule]: register schedule /Users/tina/Codes/github/weekend-issues/server/node_modules/_egg-logrotator@3.1.0@egg-logrotator/app/schedule/rotate_by_file.js
2021-11-07 14:11:45,552 INFO 31162 [egg-schedule]: register schedule /Users/tina/Codes/github/weekend-issues/server/node_modules/_egg-multipart@2.13.1@egg-multipart/app/schedule/clean_tmpdir.js
2021-11-07 14:11:45,552 INFO 31162 [egg-schedule]: register schedule /Users/tina/Codes/github/weekend-issues/server/node_modules/_egg-logrotator@3.1.0@egg-logrotator/app/schedule/clean_log.js
2021-11-07 14:11:45,552 INFO 31162 [egg-schedule]: register schedule /Users/tina/Codes/github/weekend-issues/server/node_modules/_egg-logrotator@3.1.0@egg-logrotator/app/schedule/rotate_by_file.js
2021-11-07 14:11:54,026 INFO 31233 [egg-schedule]: register schedule /Users/tina/Codes/github/weekend-issues/server/node_modules/_egg-multipart@2.13.1@egg-multipart/app/schedule/clean_tmpdir.js
2021-11-07 14:11:54,026 INFO 31233 [egg-schedule]: register schedule /Users/tina/Codes/github/weekend-issues/server/node_modules/_egg-logrotator@3.1.0@egg-logrotator/app/schedule/clean_log.js
2021-11-07 14:11:54,026 INFO 31233 [egg-schedule]: register schedule /Users/tina/Codes/github/weekend-issues/server/node_modules/_egg-logrotator@3.1.0@egg-logrotator/app/schedule/rotate_by_file.js
2021-11-07 14:11:56,556 INFO 31261 [egg-schedule]: register schedule /Users/tina/Codes/github/weekend-issues/server/node_modules/_egg-multipart@2.13.1@egg-multipart/app/schedule/clean_tmpdir.js
2021-11-07 14:11:56,556 INFO 31261 [egg-schedule]: register schedule /Users/tina/Codes/github/weekend-issues/server/node_modules/_egg-logrotator@3.1.0@egg-logrotator/app/schedule/clean_log.js
2021-11-07 14:11:56,556 INFO 31261 [egg-schedule]: register schedule /Users/tina/Codes/github/weekend-issues/server/node_modules/_egg-logrotator@3.1.0@egg-logrotator/app/schedule/rotate_by_file.js
2021-11-07 14:12:33,280 INFO 31389 [Timer] /Users/tina/Codes/github/weekend-issues/server/node_modules/_egg-multipart@2.13.1@egg-multipart/app/schedule/clean_tmpdir.js next time will execute after 51446722ms at 2021-11-08 04:30:00.002
2021-11-07 14:12:33,281 INFO 31389 [Timer] /Users/tina/Codes/github/weekend-issues/server/node_modules/_egg-logrotator@3.1.0@egg-logrotator/app/schedule/clean_log.js next time will execute after 35246720ms at 2021-11-08 00:00:00.001
2021-11-07 14:12:33,281 INFO 31389 [Timer] /Users/tina/Codes/github/weekend-issues/server/node_modules/_egg-logrotator@3.1.0@egg-logrotator/app/schedule/rotate_by_file.js next time will execute after 35247719ms at 2021-11-08 00:00:01.000
2021-11-07 14:12:33,089 INFO 31391 [egg-schedule]: register schedule /Users/tina/Codes/github/weekend-issues/server/node_modules/_egg-multipart@2.13.1@egg-multipart/app/schedule/clean_tmpdir.js
2021-11-07 14:12:33,089 INFO 31391 [egg-schedule]: register schedule /Users/tina/Codes/github/weekend-issues/server/node_modules/_egg-logrotator@3.1.0@egg-logrotator/app/schedule/clean_log.js
2021-11-07 14:12:33,089 INFO 31391 [egg-schedule]: register schedule /Users/tina/Codes/github/weekend-issues/server/node_modules/_egg-logrotator@3.1.0@egg-logrotator/app/schedule/rotate_by_file.js
2021-11-07 15:12:25,635 INFO 31718 [egg-schedule]: register schedule /Users/tina/Codes/github/weekend-issues/server/node_modules/_egg-multipart@2.13.1@egg-multipart/app/schedule/clean_tmpdir.js
2021-11-07 15:12:25,635 INFO 31718 [egg-schedule]: register schedule /Users/tina/Codes/github/weekend-issues/server/node_modules/_egg-logrotator@3.1.0@egg-logrotator/app/schedule/clean_log.js
2021-11-07 15:12:25,635 INFO 31718 [egg-schedule]: register schedule /Users/tina/Codes/github/weekend-issues/server/node_modules/_egg-logrotator@3.1.0@egg-logrotator/app/schedule/rotate_by_file.js
2021-11-07 15:12:26,558 INFO 31726 [egg-schedule]: register schedule /Users/tina/Codes/github/weekend-issues/server/node_modules/_egg-multipart@2.13.1@egg-multipart/app/schedule/clean_tmpdir.js
2021-11-07 15:12:26,558 INFO 31726 [egg-schedule]: register schedule /Users/tina/Codes/github/weekend-issues/server/node_modules/_egg-logrotator@3.1.0@egg-logrotator/app/schedule/clean_log.js
2021-11-07 15:12:26,558 INFO 31726 [egg-schedule]: register schedule /Users/tina/Codes/github/weekend-issues/server/node_modules/_egg-logrotator@3.1.0@egg-logrotator/app/schedule/rotate_by_file.js
2021-11-07 15:23:29,866 INFO 32033 [egg-schedule]: register schedule /Users/tina/Codes/github/weekend-issues/server/node_modules/_egg-multipart@2.13.1@egg-multipart/app/schedule/clean_tmpdir.js
2021-11-07 15:23:29,866 INFO 32033 [egg-schedule]: register schedule /Users/tina/Codes/github/weekend-issues/server/node_modules/_egg-logrotator@3.1.0@egg-logrotator/app/schedule/clean_log.js
2021-11-07 15:23:29,866 INFO 32033 [egg-schedule]: register schedule /Users/tina/Codes/github/weekend-issues/server/node_modules/_egg-logrotator@3.1.0@egg-logrotator/app/schedule/rotate_by_file.js
2021-11-07 15:23:56,743 INFO 32075 [egg-schedule]: register schedule /Users/tina/Codes/github/weekend-issues/server/node_modules/_egg-multipart@2.13.1@egg-multipart/app/schedule/clean_tmpdir.js
2021-11-07 15:23:56,743 INFO 32075 [egg-schedule]: register schedule /Users/tina/Codes/github/weekend-issues/server/node_modules/_egg-logrotator@3.1.0@egg-logrotator/app/schedule/clean_log.js
2021-11-07 15:23:56,743 INFO 32075 [egg-schedule]: register schedule /Users/tina/Codes/github/weekend-issues/server/node_modules/_egg-logrotator@3.1.0@egg-logrotator/app/schedule/rotate_by_file.js
2021-11-07 15:25:29,747 INFO 32183 [egg-schedule]: register schedule /Users/tina/Codes/github/weekend-issues/server/node_modules/_egg-multipart@2.13.1@egg-multipart/app/schedule/clean_tmpdir.js
2021-11-07 15:25:29,747 INFO 32183 [egg-schedule]: register schedule /Users/tina/Codes/github/weekend-issues/server/node_modules/_egg-logrotator@3.1.0@egg-logrotator/app/schedule/clean_log.js
2021-11-07 15:25:29,747 INFO 32183 [egg-schedule]: register schedule /Users/tina/Codes/github/weekend-issues/server/node_modules/_egg-logrotator@3.1.0@egg-logrotator/app/schedule/rotate_by_file.js
2021-11-07 15:25:31,011 INFO 32206 [egg-schedule]: register schedule /Users/tina/Codes/github/weekend-issues/server/node_modules/_egg-multipart@2.13.1@egg-multipart/app/schedule/clean_tmpdir.js
2021-11-07 15:25:31,011 INFO 32206 [egg-schedule]: register schedule /Users/tina/Codes/github/weekend-issues/server/node_modules/_egg-logrotator@3.1.0@egg-logrotator/app/schedule/clean_log.js
2021-11-07 15:25:31,011 INFO 32206 [egg-schedule]: register schedule /Users/tina/Codes/github/weekend-issues/server/node_modules/_egg-logrotator@3.1.0@egg-logrotator/app/schedule/rotate_by_file.js
2021-11-07 15:27:14,902 INFO 32404 [egg-schedule]: register schedule /Users/tina/Codes/github/weekend-issues/server/node_modules/_egg-multipart@2.13.1@egg-multipart/app/schedule/clean_tmpdir.js
2021-11-07 15:27:14,902 INFO 32404 [egg-schedule]: register schedule /Users/tina/Codes/github/weekend-issues/server/node_modules/_egg-logrotator@3.1.0@egg-logrotator/app/schedule/clean_log.js
2021-11-07 15:27:14,902 INFO 32404 [egg-schedule]: register schedule /Users/tina/Codes/github/weekend-issues/server/node_modules/_egg-logrotator@3.1.0@egg-logrotator/app/schedule/rotate_by_file.js
2021-11-07 15:27:34,850 INFO 32483 [egg-schedule]: register schedule /Users/tina/Codes/github/weekend-issues/server/node_modules/_egg-multipart@2.13.1@egg-multipart/app/schedule/clean_tmpdir.js
2021-11-07 15:27:34,850 INFO 32483 [egg-schedule]: register schedule /Users/tina/Codes/github/weekend-issues/server/node_modules/_egg-logrotator@3.1.0@egg-logrotator/app/schedule/clean_log.js
2021-11-07 15:27:34,851 INFO 32483 [egg-schedule]: register schedule /Users/tina/Codes/github/weekend-issues/server/node_modules/_egg-logrotator@3.1.0@egg-logrotator/app/schedule/rotate_by_file.js
2021-11-07 15:27:36,048 INFO 32490 [egg-schedule]: register schedule /Users/tina/Codes/github/weekend-issues/server/node_modules/_egg-multipart@2.13.1@egg-multipart/app/schedule/clean_tmpdir.js
2021-11-07 15:27:36,048 INFO 32490 [egg-schedule]: register schedule /Users/tina/Codes/github/weekend-issues/server/node_modules/_egg-logrotator@3.1.0@egg-logrotator/app/schedule/clean_log.js
2021-11-07 15:27:36,048 INFO 32490 [egg-schedule]: register schedule /Users/tina/Codes/github/weekend-issues/server/node_modules/_egg-logrotator@3.1.0@egg-logrotator/app/schedule/rotate_by_file.js
2021-11-07 16:23:12,433 INFO 34142 [egg-schedule]: register schedule /Users/tina/Codes/github/weekend-issues/server/node_modules/_egg-multipart@2.13.1@egg-multipart/app/schedule/clean_tmpdir.js
2021-11-07 16:23:12,433 INFO 34142 [egg-schedule]: register schedule /Users/tina/Codes/github/weekend-issues/server/node_modules/_egg-logrotator@3.1.0@egg-logrotator/app/schedule/clean_log.js
2021-11-07 16:23:12,433 INFO 34142 [egg-schedule]: register schedule /Users/tina/Codes/github/weekend-issues/server/node_modules/_egg-logrotator@3.1.0@egg-logrotator/app/schedule/rotate_by_file.js
2021-11-07 16:24:13,200 INFO 34168 [egg-schedule]: register schedule /Users/tina/Codes/github/weekend-issues/server/node_modules/_egg-multipart@2.13.1@egg-multipart/app/schedule/clean_tmpdir.js
2021-11-07 16:24:13,200 INFO 34168 [egg-schedule]: register schedule /Users/tina/Codes/github/weekend-issues/server/node_modules/_egg-logrotator@3.1.0@egg-logrotator/app/schedule/clean_log.js
2021-11-07 16:24:13,200 INFO 34168 [egg-schedule]: register schedule /Users/tina/Codes/github/weekend-issues/server/node_modules/_egg-logrotator@3.1.0@egg-logrotator/app/schedule/rotate_by_file.js
2021-11-07 16:36:13,160 INFO 35583 [egg-schedule]: register schedule /Users/tina/Codes/github/weekend-issues/server/node_modules/_egg-multipart@2.13.1@egg-multipart/app/schedule/clean_tmpdir.js
2021-11-07 16:36:13,160 INFO 35583 [egg-schedule]: register schedule /Users/tina/Codes/github/weekend-issues/server/node_modules/_egg-logrotator@3.1.0@egg-logrotator/app/schedule/clean_log.js
2021-11-07 16:36:13,160 INFO 35583 [egg-schedule]: register schedule /Users/tina/Codes/github/weekend-issues/server/node_modules/_egg-logrotator@3.1.0@egg-logrotator/app/schedule/rotate_by_file.js
2021-11-07 16:36:13,409 INFO 35573 [Timer] /Users/tina/Codes/github/weekend-issues/server/node_modules/_egg-multipart@2.13.1@egg-multipart/app/schedule/clean_tmpdir.js next time will execute after 42826594ms at 2021-11-08 04:30:00.002
2021-11-07 16:36:13,409 INFO 35573 [Timer] /Users/tina/Codes/github/weekend-issues/server/node_modules/_egg-logrotator@3.1.0@egg-logrotator/app/schedule/clean_log.js next time will execute after 26626591ms at 2021-11-08 00:00:00.000
2021-11-07 16:36:13,409 INFO 35573 [Timer] /Users/tina/Codes/github/weekend-issues/server/node_modules/_egg-logrotator@3.1.0@egg-logrotator/app/schedule/rotate_by_file.js next time will execute after 26627591ms at 2021-11-08 00:00:01.000
2021-11-07 16:41:47,422 INFO 35923 [egg-schedule]: register schedule /Users/tina/Codes/github/weekend-issues/server/node_modules/_egg-multipart@2.13.1@egg-multipart/app/schedule/clean_tmpdir.js
2021-11-07 16:41:47,422 INFO 35923 [egg-schedule]: register schedule /Users/tina/Codes/github/weekend-issues/server/node_modules/_egg-logrotator@3.1.0@egg-logrotator/app/schedule/clean_log.js
2021-11-07 16:41:47,422 INFO 35923 [egg-schedule]: register schedule /Users/tina/Codes/github/weekend-issues/server/node_modules/_egg-logrotator@3.1.0@egg-logrotator/app/schedule/rotate_by_file.js
